This is pdfTeX, Version 3.141592653-2.6-1.40.22 (TeX Live 2022/dev/Debian) (preloaded format=pdflatex 2023.9.3)  4 SEP 2023 16:49
entering extended mode
 restricted \write18 enabled.
 file:line:error style messages enabled.
 %&-line parsing enabled.
**/home/bastien/2022-2023/Info/TIPE/pres.tex
(/home/bastien/2022-2023/Info/TIPE/pres.tex
LaTeX2e <2021-11-15> patch level 1
L3 programming layer <2022-01-21> (/usr/share/texlive/texmf-dist/tex/latex/base/article.cls
Document Class: article 2021/10/04 v1.4n Standard LaTeX document class
(/usr/share/texlive/texmf-dist/tex/latex/base/size10.clo
File: size10.clo 2021/10/04 v1.4n Standard LaTeX file (size option)
)
\c@part=\count185
\c@section=\count186
\c@subsection=\count187
\c@subsubsection=\count188
\c@paragraph=\count189
\c@subparagraph=\count190
\c@figure=\count191
\c@table=\count192
\abovecaptionskip=\skip47
\belowcaptionskip=\skip48
\bibindent=\dimen138
) (/usr/share/texlive/texmf-dist/tex/latex/base/inputenc.sty
Package: inputenc 2021/02/14 v1.3d Input encoding file
\inpenc@prehook=\toks16
\inpenc@posthook=\toks17
) (/usr/share/texlive/texmf-dist/tex/latex/graphics/graphicx.sty
Package: graphicx 2021/09/16 v1.2d Enhanced LaTeX Graphics (DPC,SPQR)
 (/usr/share/texlive/texmf-dist/tex/latex/graphics/keyval.sty
Package: keyval 2014/10/28 v1.15 key=value parser (DPC)
\KV@toks@=\toks18
) (/usr/share/texlive/texmf-dist/tex/latex/graphics/graphics.sty
Package: graphics 2021/03/04 v1.4d Standard LaTeX Graphics (DPC,SPQR)
 (/usr/share/texlive/texmf-dist/tex/latex/graphics/trig.sty
Package: trig 2021/08/11 v1.11 sin cos tan (DPC)
) (/usr/share/texlive/texmf-dist/tex/latex/graphics-cfg/graphics.cfg
File: graphics.cfg 2016/06/04 v1.11 sample graphics configuration
)
Package graphics Info: Driver file: pdftex.def on input line 107.
 (/usr/share/texlive/texmf-dist/tex/latex/graphics-def/pdftex.def
File: pdftex.def 2020/10/05 v1.2a Graphics/color driver for pdftex
))
\Gin@req@height=\dimen139
\Gin@req@width=\dimen140
) (/usr/share/texlive/texmf-dist/tex/latex/amsfonts/amsfonts.sty
Package: amsfonts 2013/01/14 v3.01 Basic AMSFonts support
\@emptytoks=\toks19
\symAMSa=\mathgroup4
\symAMSb=\mathgroup5
LaTeX Font Info:    Redeclaring math symbol \hbar on input line 98.
LaTeX Font Info:    Overwriting math alphabet `\mathfrak' in version `bold'
(Font)                  U/euf/m/n --> U/euf/b/n on input line 106.
) (/usr/share/texlive/texmf-dist/tex/latex/amsfonts/amssymb.sty
Package: amssymb 2013/01/14 v3.01 AMS font symbols
) (/usr/share/texlive/texmf-dist/tex/latex/amsmath/amsmath.sty
Package: amsmath 2021/10/15 v2.17l AMS math features
\@mathmargin=\skip49

For additional information on amsmath, use the `?' option.
(/usr/share/texlive/texmf-dist/tex/latex/amsmath/amstext.sty
Package: amstext 2021/08/26 v2.01 AMS text
 (/usr/share/texlive/texmf-dist/tex/latex/amsmath/amsgen.sty
File: amsgen.sty 1999/11/30 v2.0 generic functions
\@emptytoks=\toks20
\ex@=\dimen141
)) (/usr/share/texlive/texmf-dist/tex/latex/amsmath/amsbsy.sty
Package: amsbsy 1999/11/29 v1.2d Bold Symbols
\pmbraise@=\dimen142
) (/usr/share/texlive/texmf-dist/tex/latex/amsmath/amsopn.sty
Package: amsopn 2021/08/26 v2.02 operator names
)
\inf@bad=\count193
LaTeX Info: Redefining \frac on input line 234.
\uproot@=\count194
\leftroot@=\count195
LaTeX Info: Redefining \overline on input line 399.
\classnum@=\count196
\DOTSCASE@=\count197
LaTeX Info: Redefining \ldots on input line 496.
LaTeX Info: Redefining \dots on input line 499.
LaTeX Info: Redefining \cdots on input line 620.
\Mathstrutbox@=\box50
\strutbox@=\box51
\big@size=\dimen143
LaTeX Font Info:    Redeclaring font encoding OML on input line 743.
LaTeX Font Info:    Redeclaring font encoding OMS on input line 744.
\macc@depth=\count198
\c@MaxMatrixCols=\count199
\dotsspace@=\muskip16
\c@parentequation=\count266
\dspbrk@lvl=\count267
\tag@help=\toks21
\row@=\count268
\column@=\count269
\maxfields@=\count270
\andhelp@=\toks22
\eqnshift@=\dimen144
\alignsep@=\dimen145
\tagshift@=\dimen146
\tagwidth@=\dimen147
\totwidth@=\dimen148
\lineht@=\dimen149
\@envbody=\toks23
\multlinegap=\skip50
\multlinetaggap=\skip51
\mathdisplay@stack=\toks24
LaTeX Info: Redefining \[ on input line 2938.
LaTeX Info: Redefining \] on input line 2939.
) (/usr/share/texlive/texmf-dist/tex/latex/float/float.sty
Package: float 2001/11/08 v1.3d Float enhancements (AL)
\c@float@type=\count271
\float@exts=\toks25
\float@box=\box52
\@float@everytoks=\toks26
\@floatcapt=\box53
) (/usr/share/texlive/texmf-dist/tex/latex/fancyhdr/fancyhdr.sty
Package: fancyhdr 2021/01/28 v4.0.1 Extensive control of page headers and footers
\f@nch@headwidth=\skip52
\f@nch@O@elh=\skip53
\f@nch@O@erh=\skip54
\f@nch@O@olh=\skip55
\f@nch@O@orh=\skip56
\f@nch@O@elf=\skip57
\f@nch@O@erf=\skip58
\f@nch@O@olf=\skip59
\f@nch@O@orf=\skip60
) (/usr/share/texlive/texmf-dist/tex/latex/geometry/geometry.sty
Package: geometry 2020/01/02 v5.9 Page Geometry
 (/usr/share/texlive/texmf-dist/tex/generic/iftex/ifvtex.sty
Package: ifvtex 2019/10/25 v1.7 ifvtex legacy package. Use iftex instead.
 (/usr/share/texlive/texmf-dist/tex/generic/iftex/iftex.sty
Package: iftex 2020/03/06 v1.0d TeX engine tests
))
\Gm@cnth=\count272
\Gm@cntv=\count273
\c@Gm@tempcnt=\count274
\Gm@bindingoffset=\dimen150
\Gm@wd@mp=\dimen151
\Gm@odd@mp=\dimen152
\Gm@even@mp=\dimen153
\Gm@layoutwidth=\dimen154
\Gm@layoutheight=\dimen155
\Gm@layouthoffset=\dimen156
\Gm@layoutvoffset=\dimen157
\Gm@dimlist=\toks27
) (/usr/share/texlive/texmf-dist/tex/latex/lastpage/lastpage.sty
Package: lastpage 2021/09/03 v1.2n Refers to last page's name (HMM; JPG)
) (/usr/share/texlive/texmf-dist/tex/latex/titlesec/titlesec.sty
Package: titlesec 2021/07/05 v2.14 Sectioning titles
\ttl@box=\box54
\beforetitleunit=\skip61
\aftertitleunit=\skip62
\ttl@plus=\dimen158
\ttl@minus=\dimen159
\ttl@toksa=\toks28
\titlewidth=\dimen160
\titlewidthlast=\dimen161
\titlewidthfirst=\dimen162
) (/usr/share/texlive/texmf-dist/tex/latex/l3backend/l3backend-pdftex.def
File: l3backend-pdftex.def 2022-01-12 L3 backend support: PDF output (pdfTeX)
\l__color_backend_stack_int=\count275
\l__pdf_internal_box=\box55
) (./pres.aux)
\openout1 = `pres.aux'.

LaTeX Font Info:    Checking defaults for OML/cmm/m/it on input line 32.
LaTeX Font Info:    ... okay on input line 32.
LaTeX Font Info:    Checking defaults for OMS/cmsy/m/n on input line 32.
LaTeX Font Info:    ... okay on input line 32.
LaTeX Font Info:    Checking defaults for OT1/cmr/m/n on input line 32.
LaTeX Font Info:    ... okay on input line 32.
LaTeX Font Info:    Checking defaults for T1/cmr/m/n on input line 32.
LaTeX Font Info:    ... okay on input line 32.
LaTeX Font Info:    Checking defaults for TS1/cmr/m/n on input line 32.
LaTeX Font Info:    ... okay on input line 32.
LaTeX Font Info:    Checking defaults for OMX/cmex/m/n on input line 32.
LaTeX Font Info:    ... okay on input line 32.
LaTeX Font Info:    Checking defaults for U/cmr/m/n on input line 32.
LaTeX Font Info:    ... okay on input line 32.
 (/usr/share/texlive/texmf-dist/tex/context/base/mkii/supp-pdf.mkii
[Loading MPS to PDF converter (version 2006.09.02).]
\scratchcounter=\count276
\scratchdimen=\dimen163
\scratchbox=\box56
\nofMPsegments=\count277
\nofMParguments=\count278
\everyMPshowfont=\toks29
\MPscratchCnt=\count279
\MPscratchDim=\dimen164
\MPnumerator=\count280
\makeMPintoPDFobject=\count281
\everyMPtoPDFconversion=\toks30
) (/usr/share/texlive/texmf-dist/tex/latex/epstopdf-pkg/epstopdf-base.sty
Package: epstopdf-base 2020-01-24 v2.11 Base part for package epstopdf
Package epstopdf-base Info: Redefining graphics rule for `.eps' on input line 485.
 (/usr/share/texlive/texmf-dist/tex/latex/latexconfig/epstopdf-sys.cfg
File: epstopdf-sys.cfg 2010/07/13 v1.3 Configuration of (r)epstopdf for TeX Live
))
*geometry* driver: auto-detecting
*geometry* detected driver: pdftex
*geometry* verbose mode - [ preamble ] result:
* driver: pdftex
* paper: <default>
* layout: <same size as paper>
* layoutoffset:(h,v)=(0.0pt,0.0pt)
* modes: landscape 
* h-part:(L,W,R)=(72.26999pt, 650.43001pt, 72.26999pt)
* v-part:(T,H,B)=(72.26999pt, 469.75502pt, 72.26999pt)
* \paperwidth=794.96999pt
* \paperheight=614.295pt
* \textwidth=650.43001pt
* \textheight=469.75502pt
* \oddsidemargin=0.0pt
* \evensidemargin=0.0pt
* \topmargin=-37.0pt
* \headheight=12.0pt
* \headsep=25.0pt
* \topskip=10.0pt
* \footskip=30.0pt
* \marginparwidth=65.0pt
* \marginparsep=11.0pt
* \columnsep=10.0pt
* \skip\footins=9.0pt plus 4.0pt minus 2.0pt
* \hoffset=0.0pt
* \voffset=0.0pt
* \mag=1000
* \@twocolumnfalse
* \@twosidefalse
* \@mparswitchfalse
* \@reversemarginfalse
* (1in=72.27pt=25.4mm, 1cm=28.453pt)

Package lastpage Info: Please have a look at the pageslts package at
(lastpage)             https://www.ctan.org/pkg/pageslts
(lastpage)             ! on input line 32.
LaTeX Font Info:    Trying to load font information for U+msa on input line 35.
(/usr/share/texlive/texmf-dist/tex/latex/amsfonts/umsa.fd
File: umsa.fd 2013/01/14 v3.01 AMS symbols A
)
LaTeX Font Info:    Trying to load font information for U+msb on input line 35.
 (/usr/share/texlive/texmf-dist/tex/latex/amsfonts/umsb.fd
File: umsb.fd 2013/01/14 v3.01 AMS symbols B
) [1

{/var/lib/texmf/fonts/map/pdftex/updmap/pdftex.map}] [2] [3] [4] (./pres.toc)
\tf@toc=\write3
\openout3 = `pres.toc'.

 [5] [6]
<Modélisation d'un fluide.png, id=26, 601.24625pt x 417.56pt>
File: Modélisation d'un fluide.png Graphic file (type png)
<use Modélisation d'un fluide.png>
Package pdftex.def Info: Modélisation d'un fluide.png  used on input line 83.
(pdftex.def)             Requested size: 585.38303pt x 406.58095pt.

Overfull \vbox (4.187pt too high) has occurred while \output is active []

 [7 <./Modélisation d'un fluide.png>]
<verre_particule.png, id=33, 409.53pt x 614.295pt>
File: verre_particule.png Graphic file (type png)
<use verre_particule.png>
Package pdftex.def Info: verre_particule.png  used on input line 98.
(pdftex.def)             Requested size: 195.13098pt x 292.70236pt.
 [8 <./verre_particule.png>]
<particule.png, id=38, 409.53pt x 614.295pt>
File: particule.png Graphic file (type png)
<use particule.png>
Package pdftex.def Info: particule.png  used on input line 111.
(pdftex.def)             Requested size: 195.13098pt x 292.70236pt.

Overfull \hbox (0.72917pt too wide) in paragraph at lines 104--112
[]\OT1/cmr/m/n/20.74 On va donc ici choisir un syst^^Reme com-pos^^Se de par-tic-ules $[]$ $[]$ 
 []

[9 <./particule.png>]
File: particule.png Graphic file (type png)
<use particule.png>
Package pdftex.def Info: particule.png  used on input line 123.
(pdftex.def)             Requested size: 195.13098pt x 292.70236pt.

Overfull \hbox (4.09406pt too wide) in paragraph at lines 120--125
[]$[]$ $[]$
 []

[10]
File: particule.png Graphic file (type png)
<use particule.png>
Package pdftex.def Info: particule.png  used on input line 136.
(pdftex.def)             Requested size: 195.13098pt x 292.70236pt.

Overfull \hbox (4.09406pt too wide) in paragraph at lines 133--138
[]$[]$ $[]$
 []

[11]
File: particule.png Graphic file (type png)
<use particule.png>
Package pdftex.def Info: particule.png  used on input line 160.
(pdftex.def)             Requested size: 195.13098pt x 292.70236pt.

Overfull \hbox (4.09406pt too wide) in paragraph at lines 157--162
[]$[]$ $[]$
 []

[12]
File: particule.png Graphic file (type png)
<use particule.png>
Package pdftex.def Info: particule.png  used on input line 185.
(pdftex.def)             Requested size: 195.13098pt x 292.70236pt.

Overfull \hbox (4.09406pt too wide) in paragraph at lines 182--187
[]$[]$ $[]$
 []

[13]
<CollisionP1.png, id=56, 848.16875pt x 433.62pt>
File: CollisionP1.png Graphic file (type png)
<use CollisionP1.png>
Package pdftex.def Info: CollisionP1.png  used on input line 194.
(pdftex.def)             Requested size: 585.38303pt x 299.28413pt.
 [14 <./CollisionP1.png>]
<CollisionP2.png, id=61, 848.16875pt x 433.62pt>
File: CollisionP2.png Graphic file (type png)
<use CollisionP2.png>
Package pdftex.def Info: CollisionP2.png  used on input line 203.
(pdftex.def)             Requested size: 585.38303pt x 299.28413pt.
 [15 <./CollisionP2.png>]
<CollisionP3.png, id=66, 847.165pt x 430.60875pt>
File: CollisionP3.png Graphic file (type png)
<use CollisionP3.png>
Package pdftex.def Info: CollisionP3.png  used on input line 212.
(pdftex.def)             Requested size: 585.38303pt x 297.554pt.
 [16 <./CollisionP3.png>]
<CollisionP4.png, id=71, 848.16875pt x 428.60126pt>
File: CollisionP4.png Graphic file (type png)
<use CollisionP4.png>
Package pdftex.def Info: CollisionP4.png  used on input line 221.
(pdftex.def)             Requested size: 585.38303pt x 295.8202pt.
 [17 <./CollisionP4.png>]
<CollisionP5.png, id=76, 846.16125pt x 429.605pt>
File: CollisionP5.png Graphic file (type png)
<use CollisionP5.png>
Package pdftex.def Info: CollisionP5.png  used on input line 230.
(pdftex.def)             Requested size: 585.38303pt x 297.21439pt.
 [18 <./CollisionP5.png>]
<CollisionM1.png, id=81, 210.7875pt x 283.0575pt>
File: CollisionM1.png Graphic file (type png)
<use CollisionM1.png>
Package pdftex.def Info: CollisionM1.png  used on input line 241.
(pdftex.def)             Requested size: 130.08401pt x 174.68616pt.
 [19 <./CollisionM1.png>]
File: CollisionM1.png Graphic file (type png)
<use CollisionM1.png>
Package pdftex.def Info: CollisionM1.png  used on input line 251.
(pdftex.def)             Requested size: 130.08401pt x 174.68616pt.
<CollisionM2.png, id=87, 198.7425pt x 265.99374pt>
File: CollisionM2.png Graphic file (type png)
<use CollisionM2.png>
Package pdftex.def Info: CollisionM2.png  used on input line 254.
(pdftex.def)             Requested size: 130.08401pt x 174.10744pt.
 [20 <./CollisionM2.png>]
File: CollisionM1.png Graphic file (type png)
<use CollisionM1.png>
Package pdftex.def Info: CollisionM1.png  used on input line 263.
(pdftex.def)             Requested size: 130.08401pt x 174.68616pt.
File: CollisionM2.png Graphic file (type png)
<use CollisionM2.png>
Package pdftex.def Info: CollisionM2.png  used on input line 266.
(pdftex.def)             Requested size: 130.08401pt x 174.10744pt.
<CollisionM3.png, id=92, 199.74625pt x 268.00125pt>
File: CollisionM3.png Graphic file (type png)
<use CollisionM3.png>
Package pdftex.def Info: CollisionM3.png  used on input line 269.
(pdftex.def)             Requested size: 130.08401pt x 174.54224pt.
 [21 <./CollisionM3.png>]
File: CollisionM1.png Graphic file (type png)
<use CollisionM1.png>
Package pdftex.def Info: CollisionM1.png  used on input line 279.
(pdftex.def)             Requested size: 130.08401pt x 174.68616pt.
File: CollisionM2.png Graphic file (type png)
<use CollisionM2.png>
Package pdftex.def Info: CollisionM2.png  used on input line 282.
(pdftex.def)             Requested size: 130.08401pt x 174.10744pt.
File: CollisionM3.png Graphic file (type png)
<use CollisionM3.png>
Package pdftex.def Info: CollisionM3.png  used on input line 285.
(pdftex.def)             Requested size: 130.08401pt x 174.54224pt.
<CollisionM4.png, id=97, 203.76125pt x 276.03125pt>
File: CollisionM4.png Graphic file (type png)
<use CollisionM4.png>
Package pdftex.def Info: CollisionM4.png  used on input line 288.
(pdftex.def)             Requested size: 130.08401pt x 176.22977pt.

Overfull \hbox (12.2822pt too wide) in paragraph at lines 275--289
[]$ $[]$ $[]$ $[]$ 
 []

[22 <./CollisionM4.png>]
<NavierStokes.png, id=102, 486.81876pt x 331.2375pt>
File: NavierStokes.png Graphic file (type png)
<use NavierStokes.png>
Package pdftex.def Info: NavierStokes.png  used on input line 295.
(pdftex.def)             Requested size: 486.81757pt x 331.23668pt.
 [23 <./NavierStokes.png>] [24] [25] [26] [27] [28] [29]
<visco.png, id=130, 437.635pt x 323.2075pt>
File: visco.png Graphic file (type png)
<use visco.png>
Package pdftex.def Info: visco.png  used on input line 374.
(pdftex.def)             Requested size: 227.65446pt x 168.13298pt.

Overfull \hbox (6.51065pt too wide) in paragraph at lines 374--374
[][] 
 []

<visco_eau.png, id=131, 276.03125pt x 245.91875pt>
File: visco_eau.png Graphic file (type png)
<use visco_eau.png>
Package pdftex.def Info: visco_eau.png  used on input line 382.
(pdftex.def)             Requested size: 227.65446pt x 202.82918pt.

Overfull \hbox (13.01138pt too wide) in paragraph at lines 382--382
[][]
 []

<visco_miel.png, id=132, 306.14375pt x 278.03876pt>
File: visco_miel.png Graphic file (type png)
<use visco_miel.png>
Package pdftex.def Info: visco_miel.png  used on input line 390.
(pdftex.def)             Requested size: 227.65446pt x 206.75517pt.

Overfull \hbox (13.01138pt too wide) in paragraph at lines 390--390
[][]
 []


Overfull \hbox (8.18811pt too wide) in paragraph at lines 374--391
$[]$ $[]$ $[]$ 
 []

[30 <./visco.png> <./visco_eau.png> <./visco_miel.png>] [31] [32] [33] [34]
Overfull \hbox (73.53543pt too wide) in paragraph at lines 427--428
\OT1/cmr/m/n/20.74 M^^Sethode des diff^^Serences finies centr^^Sees pour cal-culer des d^^Seriv^^Sees par-tielle num^^Seriquement
 []


Underfull \hbox (badness 10000) in paragraph at lines 427--428

 []

[35]
<Optimisation.png, id=155, 300.12125pt x 200.75pt>
File: Optimisation.png Graphic file (type png)
<use Optimisation.png>
Package pdftex.def Info: Optimisation.png  used on input line 438.
(pdftex.def)             Requested size: 300.12051pt x 200.7495pt.
 [36 <./Optimisation.png>]
<fonction_kernel.png, id=160, 1027.84pt x 942.52126pt>
File: fonction_kernel.png Graphic file (type png)
<use fonction_kernel.png>
Package pdftex.def Info: fonction_kernel.png  used on input line 453.
(pdftex.def)             Requested size: 260.16803pt x 238.5636pt.
 [37 <./fonction_kernel.png>]
Underfull \hbox (badness 10000) in paragraph at lines 460--462

 []

[38]
Underfull \hbox (badness 10000) in paragraph at lines 470--470
[][]\OT1/cmr/bx/n/20.74 R^^Sesultat|
 []

<result.png, id=169, 566.115pt x 443.6575pt>
File: result.png Graphic file (type png)
<use result.png>
Package pdftex.def Info: result.png  used on input line 471.
(pdftex.def)             Requested size: 325.215pt x 254.8709pt.
[39 <./result.png>]
<R_Frame1.png, id=174, 878.28125pt x 550.055pt>
File: R_Frame1.png Graphic file (type png)
<use R_Frame1.png>
Package pdftex.def Info: R_Frame1.png  used on input line 482.
(pdftex.def)             Requested size: 585.38303pt x 366.62129pt.
 [40 <./R_Frame1.png>]
<R_Frame2.png, id=179, 849.1725pt x 551.05875pt>
File: R_Frame2.png Graphic file (type png)
<use R_Frame2.png>
Package pdftex.def Info: R_Frame2.png  used on input line 490.
(pdftex.def)             Requested size: 585.38303pt x 379.89459pt.
 [41 <./R_Frame2.png>]
<R_Frame3.png, id=184, 846.16125pt x 546.04pt>
File: R_Frame3.png Graphic file (type png)
<use R_Frame3.png>
Package pdftex.def Info: R_Frame3.png  used on input line 498.
(pdftex.def)             Requested size: 585.38303pt x 377.76784pt.
 [42 <./R_Frame3.png>]
<R_Frame4.png, id=189, 842.14626pt x 545.03625pt>
File: R_Frame4.png Graphic file (type png)
<use R_Frame4.png>
Package pdftex.def Info: R_Frame4.png  used on input line 506.
(pdftex.def)             Requested size: 585.38303pt x 378.86148pt.
 [43 <./R_Frame4.png>]
<R_Frame5.png, id=195, 844.15375pt x 545.03625pt>
File: R_Frame5.png Graphic file (type png)
<use R_Frame5.png>
Package pdftex.def Info: R_Frame5.png  used on input line 514.
(pdftex.def)             Requested size: 585.38303pt x 377.96329pt.
 [44 <./R_Frame5.png>]
<R_Frame6.png, id=200, 839.135pt x 545.03625pt>
File: R_Frame6.png Graphic file (type png)
<use R_Frame6.png>
Package pdftex.def Info: R_Frame6.png  used on input line 522.
(pdftex.def)             Requested size: 585.38303pt x 380.21707pt.
 [45 <./R_Frame6.png>] [46] [47] 
AED: lastpage setting LastPage
[48] (./pres.aux) ) 
Here is how much of TeX's memory you used:
 3902 strings out of 478287
 58615 string characters out of 5849290
 356745 words of memory out of 5000000
 22042 multiletter control sequences out of 15000+600000
 478548 words of font info for 63 fonts, out of 8000000 for 9000
 1141 hyphenation exceptions out of 8191
 55i,11n,62p,261b,395s stack positions out of 5000i,500n,10000p,200000b,80000s
{/usr/share/texmf/fonts/enc/dvips/cm-super/cm-super-ts1.enc}</usr/share/texlive/texmf-dist/fonts/type1/public/amsfonts/cm/cmbx12.pfb></usr/share/texlive/texmf-dist/fonts/type1/public/amsfonts/cm/cmmi12.pfb></usr/share/texlive/texmf-dist/fonts/type1/public/amsfonts/cm/cmr10.pfb></usr/share/texlive/texmf-dist/fonts/type1/public/amsfonts/cm/cmr12.pfb></usr/share/texlive/texmf-dist/fonts/type1/public/amsfonts/cm/cmr17.pfb></usr/share/texlive/texmf-dist/fonts/type1/public/amsfonts/cm/cmsy10.pfb></usr/share/texmf/fonts/type1/public/cm-super/sfrm2074.pfb>
Output written on pres.pdf (48 pages, 2377429 bytes).
PDF statistics:
 249 PDF objects out of 1000 (max. 8388607)
 132 compressed objects within 2 object streams
 0 named destinations out of 1000 (max. 500000)
 132 words of extra memory for PDF output out of 10000 (max. 10000000)

